<?xml version="1.0" encoding="utf-8"?><testsuites name="pytest tests"><testsuite name="pytest" errors="0" failures="0" skipped="0" tests="1" time="6.082" timestamp="2025-07-12T15:04:56.995168-04:00" hostname="djin-1"><testcase classname="openmemory.api.tests.test_simple.TestBasicFunctionality" name="test_uuid_generation" time="0.020" /></testsuite></testsuites>