<?xml version="1.0" encoding="utf-8"?><testsuites name="pytest tests"><testsuite name="pytest" errors="0" failures="0" skipped="0" tests="3" time="4.363" timestamp="2025-07-13T02:23:01.867923-04:00" hostname="djin-1"><testcase classname="openmemory.api.tests.test_api_contract_validation.TestErrorConsistencyValidation" name="test_404_error_consistency" time="0.131" /><testcase classname="openmemory.api.tests.test_api_contract_validation.TestInputValidationComprehensive" name="test_uuid_field_validation" time="0.040" /><testcase classname="openmemory.api.tests.test_api_contract_validation.TestMemoryEndpointContracts" name="test_get_memory_by_id_contract" time="0.037" /></testsuite></testsuites>
