<?xml version="1.0" encoding="utf-8"?><testsuites name="pytest tests"><testsuite name="pytest" errors="0" failures="0" skipped="0" tests="1" time="0.093" timestamp="2025-07-12T16:25:01.752759-04:00" hostname="djin-1"><testcase classname="openmemory.api.tests.test_permissions_comprehensive.TestSecurityEdgeCases" name="test_database_transaction_isolation" time="0.053" /></testsuite></testsuites>
